[    0.000000] Linux version 4.15.0-212-generic (buildd@lcy02-amd64-083) (gcc version 7.5.0 (Ubuntu 7.5.0-3ubuntu1~18.04)) #223-Ubuntu SMP Tue May 23 13:09:22 UTC 2023 (Ubuntu 4.15.0-212.223-generic 4.15.18)
[    0.000000] Command line: BOOT_IMAGE=/boot/vmlinuz-4.15.0-212-generic root=LABEL=cloudimg-rootfs ro console=tty1 console=ttyS0
[    0.000000] KERNEL supported cpus:
[    0.000000]   Intel GenuineIntel
[    0.000000]   AMD AuthenticAMD
[    0.000000]   Centaur CentaurHauls
[    0.000000] x86/fpu: x87 FPU will use FXSAVE
[    0.000000] e820: BIOS-provided physical RAM map:
[    0.000000] BIOS-e820: [mem 0x0000000000000000-0x000000000009fbff] usable
[    0.000000] BIOS-e820: [mem 0x000000000009fc00-0x000000000009ffff] reserved
[    0.000000] BIOS-e820: [mem 0x00000000000f0000-0x00000000000fffff] reserved
[    0.000000] BIOS-e820: [mem 0x0000000000100000-0x000000003ffeffff] usable
[    0.000000] BIOS-e820: [mem 0x000000003fff0000-0x000000003fffffff] ACPI data
[    0.000000] BIOS-e820: [mem 0x00000000fec00000-0x00000000fec00fff] reserved
[    0.000000] BIOS-e820: [mem 0x00000000fee00000-0x00000000fee00fff] reserved
[    0.000000] BIOS-e820: [mem 0x00000000fffc0000-0x00000000ffffffff] reserved
[    0.000000] NX (Execute Disable) protection: active
[    0.000000] SMBIOS 2.5 present.
[    0.000000] DMI: innotek GmbH VirtualBox/VirtualBox, BIOS VirtualBox 12/01/2006
[    0.000000] Hypervisor detected: KVM
[    0.000000] e820: last_pfn = 0x3fff0 max_arch_pfn = 0x400000000
[    0.000000] MTRR: Disabled
[    0.000000] x86/PAT: MTRRs disabled, skipping PAT initialization too.
[    0.000000] CPU MTRRs all blank - virtualized system.
[    0.000000] x86/PAT: Configuration [0-7]: WB  WT  UC- UC  WB  WT  UC- UC  
[    0.000000] found SMP MP-table at [mem 0x0009fff0-0x0009ffff]
[    0.000000] Scanning 1 areas for low memory corruption
[    0.000000] RAMDISK: [mem 0x359cb000-0x36cdcfff]
[    0.000000] ACPI: Early table checksum verification disabled
[    0.000000] ACPI: RSDP 0x00000000000E0000 000024 (v02 VBOX  )
[    0.000000] ACPI: XSDT 0x000000003FFF0030 00003C (v01 VBOX   VBOXXSDT 00000001 ASL  00000061)
[    0.000000] ACPI: FACP 0x000000003FFF00F0 0000F4 (v04 VBOX   VBOXFACP 00000001 ASL  00000061)
[    0.000000] ACPI: DSDT 0x000000003FFF0610 002353 (v02 VBOX   VBOXBIOS 00000002 INTL 20100528)
[    0.000000] ACPI: FACS 0x000000003FFF0200 000040
[    0.000000] ACPI: FACS 0x000000003FFF0200 000040
[    0.000000] ACPI: APIC 0x000000003FFF0240 00005C (v02 VBOX   VBOXAPIC 00000001 ASL  00000061)
[    0.000000] ACPI: SSDT 0x000000003FFF02A0 00036C (v01 VBOX   VBOXCPUT 00000002 INTL 20100528)
[    0.000000] ACPI: Reserving FACP table memory at [mem 0x3fff00f0-0x3fff01e3]
[    0.000000] ACPI: Reserving DSDT table memory at [mem 0x3fff0610-0x3fff2962]
[    0.000000] ACPI: Reserving FACS table memory at [mem 0x3fff0200-0x3fff023f]
[    0.000000] ACPI: Reserving FACS table memory at [mem 0x3fff0200-0x3fff023f]
[    0.000000] ACPI: Reserving APIC table memory at [mem 0x3fff0240-0x3fff029b]
[    0.000000] ACPI: Reserving SSDT table memory at [mem 0x3fff02a0-0x3fff060b]
[    0.000000] No NUMA configuration found
[    0.000000] Faking a node at [mem 0x0000000000000000-0x000000003ffeffff]
[    0.000000] NODE_DATA(0) allocated [mem 0x3ffc5000-0x3ffeffff]
[    0.000000] kvm-clock: cpu 0, msr 0:3ff44001, primary cpu clock
[    0.000000] kvm-clock: Using msrs 4b564d01 and 4b564d00
[    0.000000] kvm-clock: using sched offset of 5272302679 cycles
[    0.000000] clocksource: kvm-clock: mask: 0xffffffffffffffff max_cycles: 0x1cd42e4dffb, max_idle_ns: 881590591483 ns
[    0.000000] Zone ranges:
[    0.000000]   DMA      [mem 0x0000000000001000-0x0000000000ffffff]
[    0.000000]   DMA32    [mem 0x0000000001000000-0x000000003ffeffff]
[    0.000000]   Normal   empty
[    0.000000]   Device   empty
[    0.000000] Movable zone start for each node
[    0.000000] Early memory node ranges
[    0.000000]   node   0: [mem 0x0000000000001000-0x000000000009efff]
[    0.000000]   node   0: [mem 0x0000000000100000-0x000000003ffeffff]
[    0.000000] Reserved but unavailable: 104 pages
[    0.000000] Initmem setup node 0 [mem 0x0000000000001000-0x000000003ffeffff]
[    0.000000] ACPI: PM-Timer IO Port: 0x4008
[    0.000000] IOAPIC[0]: apic_id 2, version 32, address 0xfec00000, GSI 0-23
[    0.000000] ACPI: INT_SRC_OVR (bus 0 bus_irq 0 global_irq 2 dfl dfl)
[    0.000000] ACPI: INT_SRC_OVR (bus 0 bus_irq 9 global_irq 9 low level)
[    0.000000] Using ACPI (MADT) for SMP configuration information
[    0.000000] smpboot: Allowing 2 CPUs, 0 hotplug CPUs
[    0.000000] PM: Registered nosave memory: [mem 0x00000000-0x00000fff]
[    0.000000] PM: Registered nosave memory: [mem 0x0009f000-0x0009ffff]
[    0.000000] PM: Registered nosave memory: [mem 0x000a0000-0x000effff]
[    0.000000] PM: Registered nosave memory: [mem 0x000f0000-0x000fffff]
[    0.000000] e820: [mem 0x40000000-0xfebfffff] available for PCI devices
[    0.000000] Booting paravirtualized kernel on KVM
[    0.000000] clocksource: refined-jiffies: mask: 0xffffffff max_cycles: 0xffffffff, max_idle_ns: 7645519600211568 ns
[    0.000000] setup_percpu: NR_CPUS:8192 nr_cpumask_bits:2 nr_cpu_ids:2 nr_node_ids:1
[    0.000000] percpu: Embedded 50 pages/cpu s167936 r8192 d28672 u1048576
[    0.000000] PV qspinlock hash table entries: 256 (order: 0, 4096 bytes)
[    0.000000] Built 1 zonelists, mobility grouping on.  Total pages: 257913
[    0.000000] Policy zone: DMA32
[    0.000000] Kernel command line: BOOT_IMAGE=/boot/vmlinuz-4.15.0-212-generic root=LABEL=cloudimg-rootfs ro console=tty1 console=ttyS0
[    0.000000] Memory: 982644K/1048120K available (12300K kernel code, 2477K rwdata, 4324K rodata, 2480K init, 2720K bss, 65476K reserved, 0K cma-reserved)
[    0.000000] SLUB: HWalign=64, Order=0-3, MinObjects=0, CPUs=2, Nodes=1
[    0.000000] Kernel/User page tables isolation: enabled
[    0.000000] ftrace: allocating 39508 entries in 155 pages
[    0.004000] Hierarchical RCU implementation.
[    0.004000] 	RCU restricting CPUs from NR_CPUS=8192 to nr_cpu_ids=2.
[    0.004000] 	Tasks RCU enabled.
[    0.004000] RCU: Adjusting geometry for rcu_fanout_leaf=16, nr_cpu_ids=2
[    0.004000] NR_IRQS: 524544, nr_irqs: 440, preallocated irqs: 16
[    0.004000] random: crng init done
[    0.004000] Console: colour VGA+ 80x25
[    0.004000] console [tty1] enabled
[    0.004000] console [ttyS0] enabled
[    0.004000] ACPI: Core revision 20170831
[    0.004000] ACPI: 2 ACPI AML tables successfully acquired and loaded
[    0.004000] APIC: Switch to symmetric I/O mode setup
[    0.008000] ..TIMER: vector=0x30 apic1=0 pin1=2 apic2=-1 pin2=-1
[    0.008020] tsc: Detected 2498.550 MHz processor
[    0.012042] Calibrating delay loop (skipped) preset value.. 4997.10 BogoMIPS (lpj=9994200)
[    0.016020] pid_max: default: 32768 minimum: 301
[    0.020263] Security Framework initialized
[    0.024017] Yama: becoming mindful.
[    0.028178] AppArmor: AppArmor initialized
[    0.041387] Dentry cache hash table entries: 131072 (order: 8, 1048576 bytes)
[    0.051643] Inode-cache hash table entries: 65536 (order: 7, 524288 bytes)
[    0.052452] Mount-cache hash table entries: 2048 (order: 2, 16384 bytes)
[    0.056261] Mountpoint-cache hash table entries: 2048 (order: 2, 16384 bytes)
[    0.069323] Last level iTLB entries: 4KB 1024, 2MB 1024, 4MB 1024
[    0.072010] Last level dTLB entries: 4KB 1024, 2MB 1024, 4MB 1024, 1GB 4
[    0.076015] Spectre V1 : Mitigation: usercopy/swapgs barriers and __user pointer sanitization
[    0.080013] Spectre V2 : Mitigation: Retpolines
[    0.084012] Spectre V2 : Spectre v2 / SpectreRSB mitigation: Filling RSB on context switch
[    0.088011] Spectre V2 : Spectre v2 / SpectreRSB : Filling RSB on VMEXIT
[    0.092018] Speculative Store Bypass: Vulnerable
[    0.096087] MDS: Mitigation: Clear CPU buffers
[    0.100016] MMIO Stale Data: Unknown: No mitigations
[    0.104016] SRBDS: Unknown: Dependent on hypervisor status
[    0.108334] Freeing SMP alternatives memory: 36K
[    0.232977] smpboot: CPU0: Intel(R) Core(TM) i7-4710HQ CPU @ 2.50GHz (family: 0x6, model: 0x3c, stepping: 0x3)
[    0.237017] Performance Events: unsupported p6 CPU model 60 no PMU driver, software events only.
[    0.240395] Hierarchical SRCU implementation.
[    0.249529] NMI watchdog: Perf event create on CPU 0 failed with -2
[    0.252160] NMI watchdog: Perf NMI watchdog permanently disabled
[    0.260667] smp: Bringing up secondary CPUs ...
[    0.265915] x86: Booting SMP configuration:
[    0.268013] .... node  #0, CPUs:      #1
[    0.004000] kvm-clock: cpu 1, msr 0:3ff44041, secondary cpu clock
[    0.290272] TSC synchronization [CPU#0 -> CPU#1]:
[    0.292000] Measured 79602 cycles TSC warp between CPUs, turning off TSC clock.
[    0.292000] tsc: Marking TSC unstable due to check_tsc_sync_source failed
[    0.296567] smp: Brought up 1 node, 2 CPUs
[    0.300019] smpboot: Max logical packages: 1
[    0.304016] smpboot: Total of 2 processors activated (9994.20 BogoMIPS)
[    0.313335] devtmpfs: initialized
[    0.316258] x86/mm: Memory block size: 128MB
[    0.324685] evm: security.selinux
[    0.328012] evm: security.SMACK64
[    0.332013] evm: security.SMACK64EXEC
[    0.336013] evm: security.SMACK64TRANSMUTE
[    0.340011] evm: security.SMACK64MMAP
[    0.344012] evm: security.apparmor
[    0.348012] evm: security.ima
[    0.352013] evm: security.capability
[    0.360626] clocksource: jiffies: mask: 0xffffffff max_cycles: 0xffffffff, max_idle_ns: 7645041785100000 ns
[    0.364035] futex hash table entries: 512 (order: 3, 32768 bytes)
[    0.368424] pinctrl core: initialized pinctrl subsystem
[    0.373443] RTC time: 22:51:15, date: 07/04/24
[    0.380501] NET: Registered protocol family 16
[    0.388336] audit: initializing netlink subsys (disabled)
[    0.392390] audit: type=2000 audit(1720133480.819:1): state=initialized audit_enabled=0 res=1
[    0.416024] cpuidle: using governor ladder
[    0.420262] cpuidle: using governor menu
[    0.424384] ACPI: bus type PCI registered
[    0.428013] acpiphp: ACPI Hot Plug PCI Controller Driver version: 0.5
[    0.433428] PCI: Using configuration type 1 for base access
[    0.452789] HugeTLB registered 2.00 MiB page size, pre-allocated 0 pages
[    0.468626] ACPI: Added _OSI(Module Device)
[    0.472013] ACPI: Added _OSI(Processor Device)
[    0.476015] ACPI: Added _OSI(3.0 _SCP Extensions)
[    0.480047] ACPI: Added _OSI(Processor Aggregator Device)
[    0.484019] ACPI: Added _OSI(Linux-Dell-Video)
[    0.488014] ACPI: Added _OSI(Linux-Lenovo-NV-HDMI-Audio)
[    0.496027] ACPI: Added _OSI(Linux-HPI-Hybrid-Graphics)
[    0.504387] ACPI: Executed 1 blocks of module-level executable AML code
[    0.517003] ACPI: Interpreter enabled
[    0.520048] ACPI: (supports S0 S5)
[    0.524011] ACPI: Using IOAPIC for interrupt routing
[    0.529354] PCI: Using host bridge windows from ACPI; if necessary, use "pci=nocrs" and report a bug
[    0.532453] ACPI: Enabled 2 GPEs in block 00 to 07
[    0.554505] ACPI: PCI Root Bridge [PCI0] (domain 0000 [bus 00-ff])
[    0.556027] acpi PNP0A03:00: _OSC: OS supports [ASPM ClockPM Segments MSI]
[    0.564015] acpi PNP0A03:00: _OSC: not requesting OS control; OS requires [ExtendedConfig ASPM ClockPM MSI]
[    0.568052] acpi PNP0A03:00: fail to add MMCONFIG information, can't access extended PCI configuration space under this bridge.
[    0.576954] PCI host bridge to bus 0000:00
[    0.580019] pci_bus 0000:00: root bus resource [io  0x0000-0x0cf7 window]
[    0.584016] pci_bus 0000:00: root bus resource [io  0x0d00-0xffff window]
[    0.588020] pci_bus 0000:00: root bus resource [mem 0x000a0000-0x000bffff window]
[    0.592021] pci_bus 0000:00: root bus resource [mem 0x40000000-0xfdffffff window]
[    0.596019] pci_bus 0000:00: root bus resource [bus 00-ff]
[    0.617698] pci 0000:00:01.1: legacy IDE quirk: reg 0x10: [io  0x01f0-0x01f7]
[    0.620014] pci 0000:00:01.1: legacy IDE quirk: reg 0x14: [io  0x03f6]
[    0.624015] pci 0000:00:01.1: legacy IDE quirk: reg 0x18: [io  0x0170-0x0177]
[    0.628020] pci 0000:00:01.1: legacy IDE quirk: reg 0x1c: [io  0x0376]
[    0.683565] pci 0000:00:07.0: quirk: [io  0x4000-0x403f] claimed by PIIX4 ACPI
[    0.684064] pci 0000:00:07.0: quirk: [io  0x4100-0x410f] claimed by PIIX4 SMB
[    0.712520] ACPI: PCI Interrupt Link [LNKA] (IRQs 5 9 10 *11)
[    0.717006] ACPI: PCI Interrupt Link [LNKB] (IRQs 5 9 *10 11)
[    0.720376] ACPI: PCI Interrupt Link [LNKC] (IRQs 5 *9 10 11)
[    0.724434] ACPI: PCI Interrupt Link [LNKD] (IRQs 5 9 10 *11)
[    0.732458] SCSI subsystem initialized
[    0.740606] pci 0000:00:02.0: vgaarb: setting as boot VGA device
[    0.744000] pci 0000:00:02.0: vgaarb: VGA device added: decodes=io+mem,owns=io+mem,locks=none
[    0.744062] pci 0000:00:02.0: vgaarb: bridge control possible
[    0.748014] vgaarb: loaded
[    0.752180] ACPI: bus type USB registered
[    0.756059] usbcore: registered new interface driver usbfs
[    0.760099] usbcore: registered new interface driver hub
[    0.764047] usbcore: registered new device driver usb
[    0.768620] EDAC MC: Ver: 3.0.0
[    0.780297] PCI: Using ACPI for IRQ routing
[    0.789987] NetLabel: Initializing
[    0.792033] NetLabel:  domain hash size = 128
[    0.796012] NetLabel:  protocols = UNLABELED CIPSOv4 CALIPSO
[    0.800051] NetLabel:  unlabeled traffic allowed by default
[    0.808666] clocksource: Switched to clocksource kvm-clock
[    0.850882] VFS: Disk quotas dquot_6.6.0
[    0.850882] VFS: Dquot-cache hash table entries: 512 (order 0, 4096 bytes)
[    0.850882] AppArmor: AppArmor Filesystem Enabled
[    0.850882] pnp: PnP ACPI init
[    0.850882] pnp: PnP ACPI: found 3 devices
[    1.097621] clocksource: acpi_pm: mask: 0xffffff max_cycles: 0xffffff, max_idle_ns: 2085701024 ns
[    1.131106] NET: Registered protocol family 2
[    1.134892] IP idents hash table entries: 16384 (order: 5, 131072 bytes)
[    1.169733] TCP established hash table entries: 8192 (order: 4, 65536 bytes)
[    1.182471] TCP bind hash table entries: 8192 (order: 5, 131072 bytes)
[    1.185840] TCP: Hash tables configured (established 8192 bind 8192)
[    1.185840] UDP hash table entries: 512 (order: 2, 16384 bytes)
[    1.185840] UDP-Lite hash table entries: 512 (order: 2, 16384 bytes)
[    1.185840] NET: Registered protocol family 1
[    1.185840] pci 0000:00:00.0: Limiting direct PCI/PCI transfers
[    1.185840] pci 0000:00:01.0: Activating ISA DMA hang workarounds
[    1.279152] pci 0000:00:02.0: Video device with shadowed ROM at [mem 0x000c0000-0x000dffff]
[    1.282680] Unpacking initramfs...
[    2.227565] Freeing initrd memory: 19528K
[    2.227565] clocksource: tsc: mask: 0xffffffffffffffff max_cycles: 0x2403e02cc54, max_idle_ns: 440795323064 ns
[    2.227565] platform rtc_cmos: registered platform RTC device (no PNP device found)
[    2.227565] Scanning for low memory corruption every 60 seconds
[    2.343349] Initialise system trusted keyrings
[    2.358953] Key type blacklist registered
[    2.377739] workingset: timestamp_bits=36 max_order=18 bucket_order=0
[    2.406028] zbud: loaded
[    2.419090] squashfs: version 4.0 (2009/01/31) Phillip Lougher
[    2.442421] fuse init (API version 7.26)
[    2.532512] Key type asymmetric registered
[    2.545217] Asymmetric key parser 'x509' registered
[    2.555198] Block layer SCSI generic (bsg) driver version 0.4 loaded (major 246)
[    2.569291] io scheduler noop registered
[    2.576783] io scheduler deadline registered
[    2.584376] io scheduler cfq registered (default)
[    2.594566] ACPI: AC Adapter [AC] (on-line)
[    2.602118] input: Power Button as /devices/LNXSYSTM:00/LNXPWRBN:00/input/input0
[    2.614918] ACPI: Power Button [PWRF]
[    2.623868] input: Sleep Button as /devices/LNXSYSTM:00/LNXSLPBN:00/input/input1
[    2.639084] ACPI: Sleep Button [SLPF]
[    2.655488] ACPI: Battery Slot [BAT0] (battery present)
[    2.664760] Serial: 8250/16550 driver, 32 ports, IRQ sharing enabled
[    2.710223] 00:02: ttyS0 at I/O 0x3f8 (irq = 4, base_baud = 115200) is a 16550A
[    2.750425] Linux agpgart interface v0.103
[    2.773577] loop: module loaded
[    2.786685] scsi host0: ata_piix
[    2.795851] scsi host1: ata_piix
[    2.803277] ata1: PATA max UDMA/33 cmd 0x1f0 ctl 0x3f6 bmdma 0xd000 irq 14
[    2.815378] ata2: PATA max UDMA/33 cmd 0x170 ctl 0x376 bmdma 0xd008 irq 15
[    2.839521] tun: Universal TUN/TAP device driver, 1.6
[    2.853532] PPP generic driver version 2.4.2
[    2.862886] ehci_hcd: USB 2.0 'Enhanced' Host Controller (EHCI) Driver
[    2.872539] ehci-pci: EHCI PCI platform driver
[    2.881254] ehci-platform: EHCI generic platform driver
[    2.891328] ohci_hcd: USB 1.1 'Open' Host Controller (OHCI) Driver
[    2.903119] ohci-pci: OHCI PCI platform driver
[    2.912205] ohci-platform: OHCI generic platform driver
[    2.923124] uhci_hcd: USB Universal Host Controller Interface driver
[    2.934227] i8042: PNP: PS/2 Controller [PNP0303:PS2K,PNP0f03:PS2M] at 0x60,0x64 irq 1,12
[    2.961217] serio: i8042 KBD port at 0x60,0x64 irq 1
[    2.972201] serio: i8042 AUX port at 0x60,0x64 irq 12
[    2.983513] mousedev: PS/2 mouse device common for all mice
[    2.998870] input: AT Translated Set 2 keyboard as /devices/platform/i8042/serio0/input/input2
[    3.092542] rtc_cmos rtc_cmos: rtc core: registered rtc_cmos as rtc0
[    3.105281] rtc_cmos rtc_cmos: alarms up to one day, 114 bytes nvram
[    3.118959] i2c /dev entries driver
[    3.126501] device-mapper: uevent: version 1.0.3
[    3.139462] device-mapper: ioctl: 4.37.0-ioctl (2017-09-20) initialised: dm-devel@redhat.com
[    3.158151] ledtrig-cpu: registered to indicate activity on CPUs
[    3.177471] NET: Registered protocol family 10
[    3.208590] Segment Routing with IPv6
[    3.214724] NET: Registered protocol family 17
[    3.224625] Key type dns_resolver registered
[    3.234226] mce: Using 0 MCE banks
[    3.240811] RAS: Correctable Errors collector initialized.
[    3.251474] sched_clock: Marking stable (3251342689, 0)->(4941133624, -1689790935)
[    3.273178] registered taskstats version 1
[    3.281224] Loading compiled-in X.509 certificates
[    3.301574] Loaded X.509 cert 'Build time autogenerated kernel key: b5b26778eaa3ab3a4a6cee031137706e947d12ad'
[    3.318873] Loaded X.509 cert 'Canonical Ltd. Live Patch Signing: 14df34d1a87cf37625abec039ef2bf521249b969'
[    3.336093] Loaded X.509 cert 'Canonical Ltd. Kernel Module Signing: 88f752e560a1e0737e31163a466ad7b70a850c19'
[    3.352155] blacklist: Loading compiled-in revocation X.509 certificates
[    3.363249] Loaded X.509 cert 'Canonical Ltd. Secure Boot Signing: 61482aa2830d0ab2ad5af10b7250da9033ddcef0'
[    3.379439] Loaded X.509 cert 'Canonical Ltd. Secure Boot Signing (2017): 242ade75ac4a15e50d50c84b0d45ff3eae707a03'
[    3.398452] Loaded X.509 cert 'Canonical Ltd. Secure Boot Signing (ESM 2018): 365188c1d374d6b07c3c8f240f8ef722433d6a8b'
[    3.419501] Loaded X.509 cert 'Canonical Ltd. Secure Boot Signing (2019): c0746fd6c5da3ae827864651ad66ae47fe24b3e8'
[    3.436077] Loaded X.509 cert 'Canonical Ltd. Secure Boot Signing (2021 v1): a8d54bbb3825cfb94fa13c9f8a594a195c107b8d'
[    3.455151] Loaded X.509 cert 'Canonical Ltd. Secure Boot Signing (2021 v2): 4cf046892d6fd3c9a5b03f98d845f90851dc6a8c'
[    3.473906] Loaded X.509 cert 'Canonical Ltd. Secure Boot Signing (2021 v3): 100437bb6de6e469b581e61cd66bce3ef4ed53af'
[    3.491470] Loaded X.509 cert 'Canonical Ltd. Secure Boot Signing (Ubuntu Core 2019): c1d57b8f6b743f23ee41f4f7ee292f06eecadfb9'
[    3.509909] zswap: loaded using pool lzo/zbud
[    3.536655] Key type big_key registered
[    3.545548] Key type trusted registered
[    3.574724] Key type encrypted registered
[    3.582763] AppArmor: AppArmor sha1 policy hashing enabled
[    3.595162] ima: No TPM chip found, activating TPM-bypass! (rc=-19)
[    3.607407] ima: Allocated hash algorithm: sha1
[    3.617066] evm: HMAC attrs: 0x1
[    3.629424]   Magic number: 0:979:905
[    3.637993] rtc_cmos rtc_cmos: setting system clock to 2024-07-04 22:51:18 UTC (1720133478)
[    3.652735] BIOS EDD facility v0.16 2004-Jun-25, 0 devices found
[    3.663447] EDD information not available.
[    3.679243] Freeing unused kernel image memory: 2480K
[    3.701278] Write protecting the kernel read-only data: 20480k
[    3.713985] Freeing unused kernel image memory: 2008K
[    3.724936] Freeing unused kernel image memory: 1820K
[    3.747314] x86/mm: Checked W+X mappings: passed, no W+X pages found.
[    3.758101] x86/mm: Checking user space page tables
[    3.784875] x86/mm: Checked W+X mappings: passed, no W+X pages found.
Loading, please wait...
starting version 237
[    4.070281] e1000: Intel(R) PRO/1000 Network Driver - version 7.3.21-k8-NAPI
[    4.084275] e1000: Copyright (c) 1999-2006 Intel Corporation.
[    4.099630] Fusion MPT base driver 3.04.20
[    4.108291] Copyright (c) 1999-2008 LSI Corporation
[    4.182074] SSE version of gcm_enc/dec engaged.
[    4.227983] Fusion MPT SPI Host driver 3.04.20
[    4.499993] input: ImExPS/2 Generic Explorer Mouse as /devices/platform/i8042/serio1/input/input4
[    5.521755] e1000 0000:00:03.0 eth0: (PCI:33MHz:32-bit) 02:3b:7b:b7:3b:2d
[    5.533963] e1000 0000:00:03.0 eth0: Intel(R) PRO/1000 Network Connection
[    5.550067] mptbase: ioc0: Initiating bringup
[    6.047074] ioc0: LSI53C1030 A0: Capabilities={Initiator}
[    6.973808] scsi host2: ioc0: LSI53C1030 A0, FwRev=00000000h, Ports=1, MaxQ=256, IRQ=20
[    7.924771] scsi 2:0:0:0: Direct-Access     VBOX     HARDDISK         1.0  PQ: 0 ANSI: 5
[    7.972589] scsi target2:0:0: Beginning Domain Validation
[    8.001936] scsi target2:0:0: Domain Validation skipping write tests
[    8.014339] scsi target2:0:0: Ending Domain Validation
[    8.028284] scsi target2:0:0: asynchronous
[    8.052070] scsi 2:0:1:0: Direct-Access     VBOX     HARDDISK         1.0  PQ: 0 ANSI: 5
[    8.244701] scsi target2:0:1: Beginning Domain Validation
[    8.300278] scsi target2:0:1: Domain Validation skipping write tests
[    8.313319] scsi target2:0:1: Ending Domain Validation
[    8.325567] scsi target2:0:1: asynchronous
[    8.366487] sd 2:0:0:0: [sda] 83886080 512-byte logical blocks: (42.9 GB/40.0 GiB)
[    8.380870] sd 2:0:0:0: Attached scsi generic sg0 type 0
[    8.393191] sd 2:0:0:0: [sda] Write Protect is off
[    8.407133] sd 2:0:1:0: [sdb] 20480 512-byte logical blocks: (10.5 MB/10.0 MiB)
[    8.421701] sd 2:0:1:0: Attached scsi generic sg1 type 0
[    8.433115] sd 2:0:0:0: [sda] Incomplete mode parameter data
[    8.454030] sd 2:0:0:0: [sda] Assuming drive cache: write through
[    8.466643] sd 2:0:1:0: [sdb] Write Protect is off
[    8.479284] sd 2:0:1:0: [sdb] Incomplete mode parameter data
[    8.490250] sd 2:0:1:0: [sdb] Assuming drive cache: write through
[    8.511107]  sda: sda1
[    8.534487] sd 2:0:0:0: [sda] Attached SCSI disk
[    8.548432] sd 2:0:1:0: [sdb] Attached SCSI disk
[    9.233972] e1000 0000:00:08.0 eth1: (PCI:33MHz:32-bit) 08:00:27:30:e7:4e
[    9.248708] e1000 0000:00:08.0 eth1: Intel(R) PRO/1000 Network Connection
[    9.271567] e1000 0000:00:08.0 enp0s8: renamed from eth1
[    9.298148] e1000 0000:00:03.0 enp0s3: renamed from eth0
